\BOOKMARK [1][-]{section*.3}{\376\377\003\225\003\271\003\303\003\261\003\263\003\311\003\263\003\256}{}% 1
\BOOKMARK [1][-]{section*.5}{\376\377\003\226\003\267\003\304\003\277\003\315\003\274\003\265\003\275\003\277\000\040\0001}{}% 2
\BOOKMARK [1][-]{section*.7}{\376\377\003\226\003\267\003\304\003\277\003\315\003\274\003\265\003\275\003\277\000\040\0002}{}% 3
\BOOKMARK [2][-]{section*.9}{\376\377\003\245\003\273\003\277\003\300\003\277\003\257\003\267\003\303\003\267\000\040\000Q\000u\000e\000r\000y\000\040\0001\000\040\000D\000a\000t\000a\000F\000r\000a\000m\000e\000,\000\040\003\307\003\311\003\301\003\257\003\302\000\040\000U\000D\000F}{section*.7}% 4
\BOOKMARK [2][-]{section*.11}{\376\377\003\245\003\273\003\277\003\300\003\277\003\257\003\267\003\303\003\267\000\040\000Q\000u\000e\000r\000y\000\040\0001\000\040\000D\000a\000t\000a\000F\000r\000a\000m\000e\000,\000\040\003\274\003\265\000\040\000U\000D\000F}{section*.7}% 5
\BOOKMARK [2][-]{section*.13}{\376\377\003\245\003\273\003\277\003\300\003\277\003\257\003\267\003\303\003\267\000\040\000Q\000u\000e\000r\000y\000\040\0001\000,\000\040\003\274\003\265\000\040\000R\000D\000D}{section*.7}% 6
\BOOKMARK [2][-]{section*.15}{\376\377\003\221\003\300\003\277\003\304\003\265\003\273\003\255\003\303\003\274\003\261\003\304\003\261\000\040\000Q\000u\000e\000r\000y\000\040\0001}{section*.7}% 7
\BOOKMARK [1][-]{section*.21}{\376\377\003\226\003\267\003\304\003\277\003\315\003\274\003\265\003\275\003\277\000\040\0003}{}% 8
\BOOKMARK [2][-]{section*.23}{\376\377\003\245\003\273\003\277\003\300\003\277\003\257\003\267\003\303\003\267\000\040\000Q\000u\000e\000r\000y\000\040\0002\000,\000\040\003\274\003\265\000\040\000D\000a\000t\000a\000F\000r\000a\000m\000e}{section*.21}% 9
\BOOKMARK [2][-]{section*.25}{\376\377\003\245\003\273\003\277\003\300\003\277\003\257\003\267\003\303\003\267\000\040\000Q\000u\000e\000r\000y\000\040\0002\000,\000\040\003\274\003\265\000\040\000S\000Q\000L}{section*.21}% 10
\BOOKMARK [2][-]{section*.27}{\376\377\003\221\003\300\003\277\003\304\003\265\003\273\003\255\003\303\003\274\003\261\003\304\003\261\000\040\000Q\000u\000e\000r\000y\000\040\0002}{section*.21}% 11
\BOOKMARK [1][-]{section*.31}{\376\377\003\226\003\267\003\304\003\277\003\315\003\274\003\265\003\275\003\277\000\040\0004}{}% 12
\BOOKMARK [2][-]{section*.33}{\376\377\003\245\003\273\003\277\003\300\003\277\003\257\003\267\003\303\003\267\000\040\000Q\000u\000e\000r\000y\000\040\0003\000,\000\040\003\274\003\265\000\040\000D\000a\000t\000a\000F\000r\000a\000m\000e}{section*.31}% 13
\BOOKMARK [2][-]{section*.35}{\376\377\003\245\003\273\003\277\003\300\003\277\003\257\003\267\003\303\003\267\000\040\000Q\000u\000e\000r\000y\000\040\0003\000,\000\040\003\274\003\265\000\040\000R\000D\000D}{section*.31}% 14
\BOOKMARK [2][-]{section*.37}{\376\377\003\221\003\300\003\277\003\304\003\265\003\273\003\255\003\303\003\274\003\261\003\304\003\261\000\040\000Q\000u\000e\000r\000y\000\040\0003}{section*.31}% 15
\BOOKMARK [1][-]{section*.41}{\376\377\003\226\003\267\003\304\003\277\003\315\003\274\003\265\003\275\003\277\000\040\0005}{}% 16
\BOOKMARK [2][-]{section*.43}{\376\377\003\245\003\273\003\277\003\300\003\277\003\257\003\267\003\303\003\267\000\040\000Q\000u\000e\000r\000y\000\040\0004\000,\000\040\003\274\003\265\000\040\000D\000a\000t\000a\000F\000r\000a\000m\000e}{section*.41}% 17
\BOOKMARK [2][-]{section*.45}{\376\377\003\221\003\300\003\277\003\304\003\265\003\273\003\255\003\303\003\274\003\261\003\304\003\261\000\040\000Q\000u\000e\000r\000y\000\040\0004}{section*.41}% 18
\BOOKMARK [2][-]{section*.48}{\376\377\003\221\003\300\003\277\003\304\003\265\003\273\003\255\003\303\003\274\003\261\003\304\003\261\000\040\000A\000\040\000\050\000Q\000u\000e\000r\000y\000\040\0004\000\051}{section*.41}% 19
\BOOKMARK [2][-]{section*.51}{\376\377\003\221\003\300\003\277\003\304\003\265\003\273\003\255\003\303\003\274\003\261\003\304\003\261\000\040\003\222\000\040\000\050\000Q\000u\000e\000r\000y\000\040\0004\000\051}{section*.41}% 20
\BOOKMARK [2][-]{section*.54}{\376\377\003\221\003\300\003\277\003\304\003\265\003\273\003\255\003\303\003\274\003\261\003\304\003\261\000\040\003\221\000\040\003\272\003\261\003\271\000\040\003\222\000\040\003\224\003\271\003\261\003\263\003\301\003\254\003\274\003\274\003\261\003\304\003\261}{section*.41}% 21
\BOOKMARK [1][-]{section*.57}{\376\377\003\226\003\267\003\304\003\277\003\315\003\274\003\265\003\275\003\277\000\040\0006}{}% 22
\BOOKMARK [2][-]{section*.59}{\376\377\003\243\003\304\003\301\003\261\003\304\003\267\003\263\003\271\003\272\003\255\003\302\000\040\000j\000o\000i\000n\000\040\000Q\000u\000e\000r\000y\000\040\0003}{section*.57}% 23
\BOOKMARK [2][-]{section*.62}{\376\377\003\243\003\304\003\301\003\261\003\304\003\267\003\263\003\271\003\272\003\255\003\302\000\040\000j\000o\000i\000n\000\040\000Q\000u\000e\000r\000y\000\040\0004}{section*.57}% 24
