This is XeTeX, Version 3.141592653-2.6-0.999997 (TeX Live 2025/Debian) (preloaded format=xelatex 2026.6.19)  22 JUN 2026 22:57
entering extended mode
 restricted \write18 enabled.
 %&-line parsing enabled.
**main.tex
(./main.tex
LaTeX2e <2025-11-01>
L3 programming layer <2026-01-19>
(/usr/share/texlive/texmf-dist/tex/latex/base/article.cls
Document Class: article 2025/01/22 v1.4n Standard LaTeX document class
(/usr/share/texlive/texmf-dist/tex/latex/base/size12.clo
File: size12.clo 2025/01/22 v1.4n Standard LaTeX file (size option)
)
\c@part=\count271
\c@section=\count272
\c@subsection=\count273
\c@subsubsection=\count274
\c@paragraph=\count275
\c@subparagraph=\count276
\c@figure=\count277
\c@table=\count278
\abovecaptionskip=\skip49
\belowcaptionskip=\skip50
\bibindent=\dimen148
)
(/usr/share/texlive/texmf-dist/tex/latex/base/inputenc.sty
Package: inputenc 2024/02/08 v1.3d Input encoding file
\inpenc@prehook=\toks17
\inpenc@posthook=\toks18


Package inputenc Warning: inputenc package ignored with utf8 based engines.

) (/usr/share/texlive/texmf-dist/tex/generic/babel/babel.sty
Package: babel 2026/01/18 v26.1 The multilingual framework for LuaLaTeX, pdfLaT
eX and XeLaTeX
\babel@savecnt=\count279
LaTeX Encoding Info:    Redeclaring text command \ij (encoding OT1) on input li
ne 2078.
LaTeX Encoding Info:    Redeclaring text command \IJ (encoding OT1) on input li
ne 2080.
LaTeX Encoding Info:    Redeclaring text command \ij (encoding T1) on input lin
e 2082.
LaTeX Encoding Info:    Redeclaring text command \IJ (encoding T1) on input lin
e 2083.
LaTeX Encoding Info:    Ignoring declaration for text command \ij (encoding ?) 
on input line 2084.
LaTeX Encoding Info:    Ignoring declaration for text command \IJ (encoding ?) 
on input line 2086.
LaTeX Encoding Info:    Ignoring declaration for text command \SS (encoding ?) 
on input line 2111.
\U@D=\dimen149
\l@unhyphenated=\language7

(/usr/share/texlive/texmf-dist/tex/generic/babel/xebabel.def)
\bbl@readstream=\read2
\bbl@dirlevel=\count280

(/usr/share/texlive/texmf-dist/tex/generic/babel/locale/en/babel-english.tex)
(/usr/share/texlive/texmf-dist/tex/generic/babel/locale/el/babel-greek.tex)
Package babel Info: Importing font and identification data for english
(babel)             from babel-en.ini. Reported on input line 4330.

(/usr/share/texlive/texmf-dist/tex/generic/babel-english/english.ldf
Language: english 2017/06/06 v3.3r English support from the babel system
Package babel Info: Hyphen rules for 'british' set to \l@english
(babel)             (\language0). Reported on input line 82.
Package babel Info: Hyphen rules for 'UKenglish' set to \l@english
(babel)             (\language0). Reported on input line 83.
Package babel Info: Hyphen rules for 'canadian' set to \l@english
(babel)             (\language0). Reported on input line 102.
Package babel Info: Hyphen rules for 'australian' set to \l@english
(babel)             (\language0). Reported on input line 105.
Package babel Info: Hyphen rules for 'newzealand' set to \l@english
(babel)             (\language0). Reported on input line 108.
)
Package babel Info: Importing font and identification data for greek
(babel)             from babel-el.ini. Reported on input line 4330.

(/usr/share/texlive/texmf-dist/tex/generic/babel-greek/greek.ldf
Language: greek 2023/10/13 1.15 Greek support for the babel system
\bbl@monogreek=\count281
\bbl@polygreek=\count282
\bbl@ancientgreek=\count283

(/usr/share/texlive/texmf-dist/tex/latex/greek-fontenc/tuenc-greek.def
File: tuenc-greek.def 2023-09-12 2.5 Greek LICRs for XeTeX and LuaTeX

(/usr/share/texlive/texmf-dist/tex/latex/greek-fontenc/greek-fontenc.def
File: greek-fontenc.def 2023-09-12 2.5 Common Greek font encoding definitions
)
LaTeX Encoding Info:    Redeclaring text symbol \textmu (encoding TU) on input 
line 215.
LaTeX Encoding Info:    Redeclaring text symbol \textohm (encoding TU) on input
 line 350.
)
LaTeX Encoding Info:    Ignoring declaration for text command \textmugreek (enc
oding TU) on input line 638.
))
(/usr/share/texlive/texmf-dist/tex/latex/greek-fontenc/alphabeta.sty
Package: alphabeta 2023-11-16 2.6 macros for Greek letters in text and math

(/usr/share/texlive/texmf-dist/tex/latex/greek-fontenc/textalpha.sty
Package: textalpha 2023-09-12 2.5 macros for Greek letters in text

(/usr/share/texlive/texmf-dist/tex/latex/greek-fontenc/tuenc-greek.def
File: tuenc-greek.def 2023-09-12 2.5 Greek LICRs for XeTeX and LuaTeX
LaTeX Encoding Info:    Redeclaring text command \accvaria (encoding TU) on inp
ut line 76.
LaTeX Encoding Info:    Redeclaring text command \acctonos (encoding TU) on inp
ut line 77.
LaTeX Encoding Info:    Redeclaring text command \accdialytika (encoding TU) on
 input line 78.
LaTeX Encoding Info:    Redeclaring text command \accperispomeni (encoding TU) 
on input line 83.
LaTeX Encoding Info:    Redeclaring text command \accpsili (encoding TU) on inp
ut line 90.
LaTeX Encoding Info:    Redeclaring text command \accdasia (encoding TU) on inp
ut line 91.
LaTeX Encoding Info:    Redeclaring text symbol \ypogegrammeni (encoding TU) on
 input line 100.
LaTeX Encoding Info:    Redeclaring text command \accdialytikatonos (encoding T
U) on input line 107.
LaTeX Encoding Info:    Redeclaring text command \accdialytikavaria (encoding T
U) on input line 108.
LaTeX Encoding Info:    Redeclaring text command \accdialytikaperispomeni (enco
ding TU) on input line 109.
LaTeX Encoding Info:    Redeclaring text command \accdasiaoxia (encoding TU) on
 input line 111.
LaTeX Encoding Info:    Redeclaring text command \accdasiavaria (encoding TU) o
n input line 112.
LaTeX Encoding Info:    Redeclaring text command \accdasiaperispomeni (encoding
 TU) on input line 113.
LaTeX Encoding Info:    Redeclaring text command \accpsilioxia (encoding TU) on
 input line 115.
LaTeX Encoding Info:    Redeclaring text command \accpsilivaria (encoding TU) o
n input line 116.
LaTeX Encoding Info:    Redeclaring text command \accpsiliperispomeni (encoding
 TU) on input line 117.

(/usr/share/texlive/texmf-dist/tex/latex/greek-fontenc/greek-fontenc.def
File: greek-fontenc.def 2023-09-12 2.5 Common Greek font encoding definitions
LaTeX Encoding Info:    Ignoring declaration for text command \ensuregreek (enc
oding TU) on input line 50.
LaTeX Encoding Info:    Ignoring declaration for text command \greekscript (enc
oding TU) on input line 56.
LaTeX Encoding Info:    Redeclaring text command \textvarbeta (encoding TU) on 
input line 69.
LaTeX Encoding Info:    Redeclaring text command \textvarkappa (encoding TU) on
 input line 70.
LaTeX Encoding Info:    Redeclaring text command \textvartheta (encoding TU) on
 input line 71.
LaTeX Encoding Info:    Redeclaring text command \textvarpi (encoding TU) on in
put line 72.
LaTeX Encoding Info:    Redeclaring text command \textvarrho (encoding TU) on i
nput line 73.
LaTeX Encoding Info:    Redeclaring text command \textvarTheta (encoding TU) on
 input line 75.
LaTeX Encoding Info:    Redeclaring text command \textvarepsilon (encoding TU) 
on input line 76.
LaTeX Encoding Info:    Redeclaring text command \textvarphi (encoding TU) on i
nput line 77.
LaTeX Encoding Info:    Redeclaring text command \textvarsigma (encoding TU) on
 input line 78.
LaTeX Encoding Info:    Redeclaring text command \textnumeralsigngreek (encodin
g TU) on input line 82.
LaTeX Encoding Info:    Redeclaring text command \textnumeralsignlowergreek (en
coding TU) on input line 83.
LaTeX Encoding Info:    Redeclaring text command \textmugreek (encoding TU) on 
input line 85.
LaTeX Encoding Info:    Redeclaring text command \textStigmagreek (encoding TU)
 on input line 86.
LaTeX Encoding Info:    Redeclaring text command \textstigmagreek (encoding TU)
 on input line 87.
LaTeX Encoding Info:    Redeclaring text command \textDigammagreek (encoding TU
) on input line 88.
LaTeX Encoding Info:    Redeclaring text command \textdigammagreek (encoding TU
) on input line 89.
LaTeX Encoding Info:    Redeclaring text command \textKoppagreek (encoding TU) 
on input line 90.
LaTeX Encoding Info:    Redeclaring text command \textkoppagreek (encoding TU) 
on input line 91.
LaTeX Encoding Info:    Redeclaring text command \textSampigreek (encoding TU) 
on input line 92.
LaTeX Encoding Info:    Redeclaring text command \textsampigreek (encoding TU) 
on input line 93.
LaTeX Encoding Info:    Redeclaring text command \accoxia (encoding TU) on inpu
t line 105.
LaTeX Encoding Info:    Redeclaring text command \accdialytikaoxia (encoding TU
) on input line 106.
LaTeX Encoding Info:    Redeclaring text command \acckoronis (encoding TU) on i
nput line 107.
LaTeX Encoding Info:    Ignoring declaration for text command \accACUTE (encodi
ng TU) on input line 251.
LaTeX Encoding Info:    Ignoring declaration for text command \accGRAVE (encodi
ng TU) on input line 259.
LaTeX Encoding Info:    Ignoring declaration for text command \accTILDE (encodi
ng TU) on input line 267.
LaTeX Encoding Info:    Ignoring declaration for text command \accDIAERESIS (en
coding TU) on input line 275.
LaTeX Encoding Info:    Ignoring declaration for text command \LGR@accdropped (
encoding TU) on input line 426.
LaTeX Encoding Info:    Redeclaring text command \LGR@accDialytika (encoding TU
) on input line 435.
LaTeX Encoding Info:    Redeclaring text command \LGR@ypogegrammeni (encoding T
U) on input line 443.
LaTeX Encoding Info:    Redeclaring text command \LGR@hiatus (encoding TU) on i
nput line 464.
)
LaTeX Encoding Info:    Redeclaring text symbol \textsemicolon (encoding TU) on
 input line 136.
LaTeX Encoding Info:    Redeclaring text symbol \textmicro (encoding TU) on inp
ut line 143.
LaTeX Encoding Info:    Redeclaring text symbol \textschwa (encoding TU) on inp
ut line 150.
LaTeX Encoding Info:    Redeclaring text symbol \textdexiakeraia (encoding TU) 
on input line 162.
LaTeX Encoding Info:    Redeclaring text symbol \textaristerikeraia (encoding T
U) on input line 163.
LaTeX Encoding Info:    Redeclaring text symbol \texterotimatiko (encoding TU) 
on input line 172.
LaTeX Encoding Info:    Redeclaring text symbol \textanoteleia (encoding TU) on
 input line 177.
LaTeX Encoding Info:    Redeclaring text symbol \textAlpha (encoding TU) on inp
ut line 179.
LaTeX Encoding Info:    Redeclaring text symbol \textBeta (encoding TU) on inpu
t line 180.
LaTeX Encoding Info:    Redeclaring text symbol \textGamma (encoding TU) on inp
ut line 181.
LaTeX Encoding Info:    Redeclaring text symbol \textDelta (encoding TU) on inp
ut line 182.
LaTeX Encoding Info:    Redeclaring text symbol \textEpsilon (encoding TU) on i
nput line 183.
LaTeX Encoding Info:    Redeclaring text symbol \textZeta (encoding TU) on inpu
t line 184.
LaTeX Encoding Info:    Redeclaring text symbol \textEta (encoding TU) on input
 line 185.
LaTeX Encoding Info:    Redeclaring text symbol \textTheta (encoding TU) on inp
ut line 186.
LaTeX Encoding Info:    Redeclaring text symbol \textIota (encoding TU) on inpu
t line 187.
LaTeX Encoding Info:    Redeclaring text symbol \textKappa (encoding TU) on inp
ut line 188.
LaTeX Encoding Info:    Redeclaring text symbol \textLambda (encoding TU) on in
put line 189.
LaTeX Encoding Info:    Redeclaring text symbol \textMu (encoding TU) on input 
line 190.
LaTeX Encoding Info:    Redeclaring text symbol \textNu (encoding TU) on input 
line 191.
LaTeX Encoding Info:    Redeclaring text symbol \textXi (encoding TU) on input 
line 192.
LaTeX Encoding Info:    Redeclaring text symbol \textOmicron (encoding TU) on i
nput line 193.
LaTeX Encoding Info:    Redeclaring text symbol \textPi (encoding TU) on input 
line 194.
LaTeX Encoding Info:    Redeclaring text symbol \textRho (encoding TU) on input
 line 195.
LaTeX Encoding Info:    Redeclaring text symbol \textSigma (encoding TU) on inp
ut line 196.
LaTeX Encoding Info:    Redeclaring text symbol \textTau (encoding TU) on input
 line 197.
LaTeX Encoding Info:    Redeclaring text symbol \textUpsilon (encoding TU) on i
nput line 198.
LaTeX Encoding Info:    Redeclaring text symbol \textPhi (encoding TU) on input
 line 199.
LaTeX Encoding Info:    Redeclaring text symbol \textChi (encoding TU) on input
 line 200.
LaTeX Encoding Info:    Redeclaring text symbol \textPsi (encoding TU) on input
 line 201.
LaTeX Encoding Info:    Redeclaring text symbol \textOmega (encoding TU) on inp
ut line 202.
LaTeX Encoding Info:    Redeclaring text symbol \textalpha (encoding TU) on inp
ut line 204.
LaTeX Encoding Info:    Redeclaring text symbol \textbeta (encoding TU) on inpu
t line 205.
LaTeX Encoding Info:    Redeclaring text symbol \textgamma (encoding TU) on inp
ut line 206.
LaTeX Encoding Info:    Redeclaring text symbol \textdelta (encoding TU) on inp
ut line 207.
LaTeX Encoding Info:    Redeclaring text symbol \textepsilon (encoding TU) on i
nput line 208.
LaTeX Encoding Info:    Redeclaring text symbol \textzeta (encoding TU) on inpu
t line 209.
LaTeX Encoding Info:    Redeclaring text symbol \texteta (encoding TU) on input
 line 210.
LaTeX Encoding Info:    Redeclaring text symbol \texttheta (encoding TU) on inp
ut line 211.
LaTeX Encoding Info:    Redeclaring text symbol \textiota (encoding TU) on inpu
t line 212.
LaTeX Encoding Info:    Redeclaring text symbol \textkappa (encoding TU) on inp
ut line 213.
LaTeX Encoding Info:    Redeclaring text symbol \textlambda (encoding TU) on in
put line 214.
LaTeX Encoding Info:    Redeclaring text symbol \textmu (encoding TU) on input 
line 215.
LaTeX Encoding Info:    Redeclaring text symbol \textnu (encoding TU) on input 
line 216.
LaTeX Encoding Info:    Redeclaring text symbol \textxi (encoding TU) on input 
line 217.
LaTeX Encoding Info:    Redeclaring text symbol \textomicron (encoding TU) on i
nput line 218.
LaTeX Encoding Info:    Redeclaring text symbol \textpi (encoding TU) on input 
line 219.
LaTeX Encoding Info:    Redeclaring text symbol \textrho (encoding TU) on input
 line 220.
LaTeX Encoding Info:    Redeclaring text symbol \textfinalsigma (encoding TU) o
n input line 221.
LaTeX Encoding Info:    Redeclaring text symbol \textsigma (encoding TU) on inp
ut line 222.
LaTeX Encoding Info:    Redeclaring text symbol \texttau (encoding TU) on input
 line 223.
LaTeX Encoding Info:    Redeclaring text symbol \textupsilon (encoding TU) on i
nput line 224.
LaTeX Encoding Info:    Redeclaring text symbol \textphi (encoding TU) on input
 line 225.
LaTeX Encoding Info:    Redeclaring text symbol \textchi (encoding TU) on input
 line 226.
LaTeX Encoding Info:    Redeclaring text symbol \textpsi (encoding TU) on input
 line 227.
LaTeX Encoding Info:    Redeclaring text symbol \textomega (encoding TU) on inp
ut line 228.
LaTeX Encoding Info:    Redeclaring text symbol \textQoppa (encoding TU) on inp
ut line 232.
LaTeX Encoding Info:    Redeclaring text symbol \textqoppa (encoding TU) on inp
ut line 233.
LaTeX Encoding Info:    Redeclaring text symbol \textStigma (encoding TU) on in
put line 234.
LaTeX Encoding Info:    Redeclaring text symbol \textstigma (encoding TU) on in
put line 235.
LaTeX Encoding Info:    Redeclaring text symbol \textDigamma (encoding TU) on i
nput line 236.
LaTeX Encoding Info:    Redeclaring text symbol \textdigamma (encoding TU) on i
nput line 237.
LaTeX Encoding Info:    Redeclaring text symbol \textKoppa (encoding TU) on inp
ut line 238.
LaTeX Encoding Info:    Redeclaring text symbol \textkoppa (encoding TU) on inp
ut line 239.
LaTeX Encoding Info:    Redeclaring text symbol \textSampi (encoding TU) on inp
ut line 240.
LaTeX Encoding Info:    Redeclaring text symbol \textsampi (encoding TU) on inp
ut line 241.
LaTeX Encoding Info:    Redeclaring text symbol \textbetasymbol (encoding TU) o
n input line 245.
LaTeX Encoding Info:    Redeclaring text symbol \textkappasymbol (encoding TU) 
on input line 246.
LaTeX Encoding Info:    Redeclaring text symbol \textThetasymbol (encoding TU) 
on input line 247.
LaTeX Encoding Info:    Redeclaring text symbol \textthetasymbol (encoding TU) 
on input line 248.
LaTeX Encoding Info:    Redeclaring text symbol \textphisymbol (encoding TU) on
 input line 249.
LaTeX Encoding Info:    Redeclaring text symbol \textpisymbol (encoding TU) on 
input line 250.
LaTeX Encoding Info:    Redeclaring text symbol \textrhosymbol (encoding TU) on
 input line 251.
LaTeX Encoding Info:    Redeclaring text symbol \textepsilonsymbol (encoding TU
) on input line 252.
LaTeX Encoding Info:    Redeclaring text symbol \textbackepsilon (encoding TU) 
on input line 253.
LaTeX Encoding Info:    Ignoring declaration for text command \textautosigma (e
ncoding TU) on input line 258.
LaTeX Encoding Info:    Redeclaring text symbol \prosgegrammeni (encoding TU) o
n input line 271.
LaTeX Encoding Info:    Redeclaring text symbol \textohm (encoding TU) on input
 line 350.
LaTeX Encoding Info:    Redeclaring text symbol \textpentedeka (encoding TU) on
 input line 359.
LaTeX Encoding Info:    Redeclaring text symbol \textpentehekaton (encoding TU)
 on input line 360.
LaTeX Encoding Info:    Redeclaring text symbol \textpenteqilioi (encoding TU) 
on input line 361.
LaTeX Encoding Info:    Redeclaring text symbol \textpentemuria (encoding TU) o
n input line 362.
LaTeX Encoding Info:    Redeclaring text command \LGR@A@hiatus (encoding TU) on
 input line 765.
LaTeX Encoding Info:    Redeclaring text command \LGR@E@hiatus (encoding TU) on
 input line 774.
)))
(/usr/share/texlive/texmf-dist/tex/latex/geometry/geometry.sty
Package: geometry 2020/01/02 v5.9 Page Geometry

(/usr/share/texlive/texmf-dist/tex/latex/graphics/keyval.sty
Package: keyval 2022/05/29 v1.15 key=value parser (DPC)
\KV@toks@=\toks19
)
(/usr/share/texlive/texmf-dist/tex/generic/iftex/ifvtex.sty
Package: ifvtex 2019/10/25 v1.7 ifvtex legacy package. Use iftex instead.

(/usr/share/texlive/texmf-dist/tex/generic/iftex/iftex.sty
Package: iftex 2024/12/12 v1.0g TeX engine tests
))
\Gm@cnth=\count284
\Gm@cntv=\count285
\c@Gm@tempcnt=\count286
\Gm@bindingoffset=\dimen150
\Gm@wd@mp=\dimen151
\Gm@odd@mp=\dimen152
\Gm@even@mp=\dimen153
\Gm@layoutwidth=\dimen154
\Gm@layoutheight=\dimen155
\Gm@layouthoffset=\dimen156
\Gm@layoutvoffset=\dimen157
\Gm@dimlist=\toks20
)
(/usr/share/texlive/texmf-dist/tex/latex/graphics/graphicx.sty
Package: graphicx 2024/12/31 v1.2e Enhanced LaTeX Graphics (DPC,SPQR)

(/usr/share/texlive/texmf-dist/tex/latex/graphics/graphics.sty
Package: graphics 2024/08/06 v1.4g Standard LaTeX Graphics (DPC,SPQR)

(/usr/share/texlive/texmf-dist/tex/latex/graphics/trig.sty
Package: trig 2023/12/02 v1.11 sin cos tan (DPC)
)
(/usr/share/texlive/texmf-dist/tex/latex/graphics-cfg/graphics.cfg
File: graphics.cfg 2016/06/04 v1.11 sample graphics configuration
)
Package graphics Info: Driver file: xetex.def on input line 106.

(/usr/share/texlive/texmf-dist/tex/latex/graphics-def/xetex.def
File: xetex.def 2025/11/01 v5.0p Graphics/color driver for xetex
))
\Gin@req@height=\dimen158
\Gin@req@width=\dimen159
)
(/usr/share/texlive/texmf-dist/tex/latex/amsmath/amsmath.sty
Package: amsmath 2025/07/09 v2.17z AMS math features
\@mathmargin=\skip51

For additional information on amsmath, use the `?' option.
(/usr/share/texlive/texmf-dist/tex/latex/amsmath/amstext.sty
Package: amstext 2024/11/17 v2.01 AMS text

(/usr/share/texlive/texmf-dist/tex/latex/amsmath/amsgen.sty
File: amsgen.sty 1999/11/30 v2.0 generic functions
\@emptytoks=\toks21
\ex@=\dimen160
))
(/usr/share/texlive/texmf-dist/tex/latex/amsmath/amsbsy.sty
Package: amsbsy 1999/11/29 v1.2d Bold Symbols
\pmbraise@=\dimen161
)
(/usr/share/texlive/texmf-dist/tex/latex/amsmath/amsopn.sty
Package: amsopn 2022/04/08 v2.04 operator names
)
\inf@bad=\count287
LaTeX Info: Redefining \frac on input line 233.
\uproot@=\count288
\leftroot@=\count289
LaTeX Info: Redefining \overline on input line 398.
LaTeX Info: Redefining \colon on input line 409.
\classnum@=\count290
\DOTSCASE@=\count291
LaTeX Info: Redefining \ldots on input line 495.
LaTeX Info: Redefining \dots on input line 498.
LaTeX Info: Redefining \cdots on input line 619.
\Mathstrutbox@=\box53
\strutbox@=\box54
LaTeX Info: Redefining \big on input line 721.
LaTeX Info: Redefining \Big on input line 722.
LaTeX Info: Redefining \bigg on input line 723.
LaTeX Info: Redefining \Bigg on input line 724.
\big@size=\dimen162
LaTeX Font Info:    Redeclaring font encoding OML on input line 742.
LaTeX Font Info:    Redeclaring font encoding OMS on input line 743.
\macc@depth=\count292
LaTeX Info: Redefining \bmod on input line 904.
LaTeX Info: Redefining \pmod on input line 909.
LaTeX Info: Redefining \smash on input line 939.
LaTeX Info: Redefining \relbar on input line 969.
LaTeX Info: Redefining \Relbar on input line 970.
\c@MaxMatrixCols=\count293
\dotsspace@=\muskip17
\c@parentequation=\count294
\dspbrk@lvl=\count295
\tag@help=\toks22
\row@=\count296
\column@=\count297
\maxfields@=\count298
\andhelp@=\toks23
\eqnshift@=\dimen163
\alignsep@=\dimen164
\tagshift@=\dimen165
\tagwidth@=\dimen166
\totwidth@=\dimen167
\lineht@=\dimen168
\@envbody=\toks24
\multlinegap=\skip52
\multlinetaggap=\skip53
\mathdisplay@stack=\toks25
LaTeX Info: Redefining \[ on input line 2950.
LaTeX Info: Redefining \] on input line 2951.
)
(/usr/share/texlive/texmf-dist/tex/latex/amsfonts/amssymb.sty
Package: amssymb 2013/01/14 v3.01 AMS font symbols

(/usr/share/texlive/texmf-dist/tex/latex/amsfonts/amsfonts.sty
Package: amsfonts 2013/01/14 v3.01 Basic AMSFonts support
\symAMSa=\mathgroup4
\symAMSb=\mathgroup5
LaTeX Font Info:    Redeclaring math symbol \hbar on input line 98.
LaTeX Font Info:    Overwriting math alphabet `\mathfrak' in version `bold'
(Font)                  U/euf/m/n --> U/euf/b/n on input line 106.
))
(/usr/share/texlive/texmf-dist/tex/latex/hyperref/hyperref.sty
Package: hyperref 2025-07-12 v7.01o Hypertext links for LaTeX

(/usr/share/texlive/texmf-dist/tex/latex/kvsetkeys/kvsetkeys.sty
Package: kvsetkeys 2022-10-05 v1.19 Key value parser (HO)
)
(/usr/share/texlive/texmf-dist/tex/generic/kvdefinekeys/kvdefinekeys.sty
Package: kvdefinekeys 2019-12-19 v1.6 Define keys (HO)
)
(/usr/share/texlive/texmf-dist/tex/generic/pdfescape/pdfescape.sty
Package: pdfescape 2019/12/09 v1.15 Implements pdfTeX's escape features (HO)

(/usr/share/texlive/texmf-dist/tex/generic/ltxcmds/ltxcmds.sty
Package: ltxcmds 2023-12-04 v1.26 LaTeX kernel commands for general use (HO)
)
(/usr/share/texlive/texmf-dist/tex/generic/pdftexcmds/pdftexcmds.sty
Package: pdftexcmds 2020-06-27 v0.33 Utility functions of pdfTeX for LuaTeX (HO
)

(/usr/share/texlive/texmf-dist/tex/generic/infwarerr/infwarerr.sty
Package: infwarerr 2019/12/03 v1.5 Providing info/warning/error messages (HO)
)
Package pdftexcmds Info: \pdf@primitive is available.
Package pdftexcmds Info: \pdf@ifprimitive is available.
Package pdftexcmds Info: \pdfdraftmode not found.
))
(/usr/share/texlive/texmf-dist/tex/latex/hycolor/hycolor.sty
Package: hycolor 2020-01-27 v1.10 Color options for hyperref/bookmark (HO)
)
(/usr/share/texlive/texmf-dist/tex/latex/hyperref/nameref.sty
Package: nameref 2025-06-21 v2.57 Cross-referencing by name of section

(/usr/share/texlive/texmf-dist/tex/latex/refcount/refcount.sty
Package: refcount 2019/12/15 v3.6 Data extraction from label references (HO)
)
(/usr/share/texlive/texmf-dist/tex/generic/gettitlestring/gettitlestring.sty
Package: gettitlestring 2019/12/15 v1.6 Cleanup title references (HO)

(/usr/share/texlive/texmf-dist/tex/latex/kvoptions/kvoptions.sty
Package: kvoptions 2022-06-15 v3.15 Key value format for package options (HO)
))
\c@section@level=\count299
)
(/usr/share/texlive/texmf-dist/tex/latex/etoolbox/etoolbox.sty
Package: etoolbox 2025/10/02 v2.5m e-TeX tools for LaTeX (JAW)
\etb@tempcnta=\count300
)
(/usr/share/texlive/texmf-dist/tex/generic/stringenc/stringenc.sty
Package: stringenc 2019/11/29 v1.12 Convert strings between diff. encodings (HO
)
)
\@linkdim=\dimen169
\Hy@linkcounter=\count301
\Hy@pagecounter=\count302

(/usr/share/texlive/texmf-dist/tex/latex/hyperref/pd1enc.def
File: pd1enc.def 2025-07-12 v7.01o Hyperref: PDFDocEncoding definition (HO)
)
(/usr/share/texlive/texmf-dist/tex/generic/intcalc/intcalc.sty
Package: intcalc 2019/12/15 v1.3 Expandable calculations with integers (HO)
)
\Hy@SavedSpaceFactor=\count303

(/usr/share/texlive/texmf-dist/tex/latex/hyperref/puenc.def
File: puenc.def 2025-07-12 v7.01o Hyperref: PDF Unicode definition (HO)

(/usr/share/texlive/texmf-dist/tex/latex/greek-fontenc/puenc-greek.def
File: puenc-greek.def 2023-09-12 2.5 Greek LICRs for PDF strings

(/usr/share/texlive/texmf-dist/tex/latex/greek-fontenc/greek-fontenc.def
File: greek-fontenc.def 2023-09-12 2.5 Common Greek font encoding definitions
)
LaTeX Encoding Info:    Redeclaring text command \textmu (encoding PU) on input
 line 179.
)
LaTeX Encoding Info:    Redeclaring text command \textohm (encoding PU) on inpu
t line 1176.
)
Package hyperref Info: Hyper figures OFF on input line 4195.
Package hyperref Info: Link nesting OFF on input line 4200.
Package hyperref Info: Hyper index ON on input line 4203.
Package hyperref Info: Plain pages OFF on input line 4210.
Package hyperref Info: Backreferencing OFF on input line 4215.
Package hyperref Info: Implicit mode ON; LaTeX internals redefined.
Package hyperref Info: Bookmarks ON on input line 4462.
\c@Hy@tempcnt=\count304

(/usr/share/texlive/texmf-dist/tex/latex/url/url.sty
\Urlmuskip=\muskip18
Package: url 2013/09/16  ver 3.4  Verb mode for urls, etc.
)
LaTeX Info: Redefining \url on input line 4801.
\XeTeXLinkMargin=\dimen170

(/usr/share/texlive/texmf-dist/tex/generic/bitset/bitset.sty
Package: bitset 2019/12/09 v1.3 Handle bit-vector datatype (HO)

(/usr/share/texlive/texmf-dist/tex/generic/bigintcalc/bigintcalc.sty
Package: bigintcalc 2019/12/15 v1.5 Expandable calculations on big integers (HO
)
))
\Fld@menulength=\count305
\Field@Width=\dimen171
\Fld@charsize=\dimen172
Package hyperref Info: Hyper figures OFF on input line 6078.
Package hyperref Info: Link nesting OFF on input line 6083.
Package hyperref Info: Hyper index ON on input line 6086.
Package hyperref Info: backreferencing OFF on input line 6093.
Package hyperref Info: Link coloring OFF on input line 6098.
Package hyperref Info: Link coloring with OCG OFF on input line 6103.
Package hyperref Info: PDF/A mode OFF on input line 6108.
\Hy@abspage=\count306
\c@Item=\count307
\c@Hfootnote=\count308
)
Package hyperref Info: Driver (autodetected): hxetex.

(/usr/share/texlive/texmf-dist/tex/latex/hyperref/hxetex.def
File: hxetex.def 2025-07-12 v7.01o Hyperref driver for XeTeX
\pdfm@box=\box55
\c@Hy@AnnotLevel=\count309
\HyField@AnnotCount=\count310
\Fld@listcount=\count311
\c@bookmark@seq@number=\count312

(/usr/share/texlive/texmf-dist/tex/latex/rerunfilecheck/rerunfilecheck.sty
Package: rerunfilecheck 2025-06-21 v1.11 Rerun checks for auxiliary files (HO)

(/usr/share/texlive/texmf-dist/tex/generic/uniquecounter/uniquecounter.sty
Package: uniquecounter 2019/12/15 v1.4 Provide unlimited unique counter (HO)
)
Package uniquecounter Info: New unique counter `rerunfilecheck' on input line 2
84.
)
\Hy@SectionHShift=\skip54
)
(/usr/share/texlive/texmf-dist/tex/latex/setspace/setspace.sty
Package: setspace 2022/12/04 v6.7b set line spacing
)
(/usr/share/texlive/texmf-dist/tex/latex/fancyhdr/fancyhdr.sty
Package: fancyhdr 2025/02/07 v5.2 Extensive control of page headers and footers

\f@nch@headwidth=\skip55
\f@nch@offset@elh=\skip56
\f@nch@offset@erh=\skip57
\f@nch@offset@olh=\skip58
\f@nch@offset@orh=\skip59
\f@nch@offset@elf=\skip60
\f@nch@offset@erf=\skip61
\f@nch@offset@olf=\skip62
\f@nch@offset@orf=\skip63
\f@nch@height=\skip64
\f@nch@footalignment=\skip65
\f@nch@widthL=\skip66
\f@nch@widthC=\skip67
\f@nch@widthR=\skip68
\@temptokenb=\toks26
)
(/usr/share/texlive/texmf-dist/tex/latex/listings/listings.sty
\lst@mode=\count313
\lst@gtempboxa=\box56
\lst@token=\toks27
\lst@length=\count314
\lst@currlwidth=\dimen173
\lst@column=\count315
\lst@pos=\count316
\lst@lostspace=\dimen174
\lst@width=\dimen175
\lst@newlines=\count317
\lst@lineno=\count318
\lst@maxwidth=\dimen176

(/usr/share/texlive/texmf-dist/tex/latex/listings/lstpatch.sty
File: lstpatch.sty 2025/11/14 1.11b (Carsten Heinz)
)
(/usr/share/texlive/texmf-dist/tex/latex/listings/lstmisc.sty
File: lstmisc.sty 2025/11/14 1.11b (Carsten Heinz)
\c@lstnumber=\count319
\lst@skipnumbers=\count320
\lst@framebox=\box57
)
(/usr/share/texlive/texmf-dist/tex/latex/listings/listings.cfg
File: listings.cfg 2025/11/14 1.11b listings configuration
))
Package: listings 2025/11/14 1.11b (Carsten Heinz)

==> First Aid for listings.sty no longer applied!
    Expected:
        2024/09/23 1.10c (Carsten Heinz)
    but found:
        2025/11/14 1.11b (Carsten Heinz)
    so I'm assuming it got fixed.
(/usr/share/texlive/texmf-dist/tex/latex/caption/caption.sty
Package: caption 2023/08/05 v3.6o Customizing captions (AR)

(/usr/share/texlive/texmf-dist/tex/latex/caption/caption3.sty
Package: caption3 2023/07/31 v2.4d caption3 kernel (AR)
\caption@tempdima=\dimen177
\captionmargin=\dimen178
\caption@leftmargin=\dimen179
\caption@rightmargin=\dimen180
\caption@width=\dimen181
\caption@indent=\dimen182
\caption@parindent=\dimen183
\caption@hangindent=\dimen184
Package caption Info: Standard document class detected.
)
\c@caption@flags=\count321
\c@continuedfloat=\count322
Package caption Info: hyperref package is loaded.
Package caption Info: listings package is loaded.
)
(/usr/share/texlive/texmf-dist/tex/latex/xcolor/xcolor.sty
Package: xcolor 2024/09/29 v3.02 LaTeX color extensions (UK)

(/usr/share/texlive/texmf-dist/tex/latex/graphics-cfg/color.cfg
File: color.cfg 2016/01/02 v1.6 sample color configuration
)
Package xcolor Info: Driver file: xetex.def on input line 274.

(/usr/share/texlive/texmf-dist/tex/latex/graphics/mathcolor.ltx)
Package xcolor Info: Model `cmy' substituted by `cmy0' on input line 1349.
Package xcolor Info: Model `RGB' extended on input line 1365.
Package xcolor Info: Model `HTML' substituted by `rgb' on input line 1367.
Package xcolor Info: Model `Hsb' substituted by `hsb' on input line 1368.
Package xcolor Info: Model `tHsb' substituted by `hsb' on input line 1369.
Package xcolor Info: Model `HSB' substituted by `hsb' on input line 1370.
Package xcolor Info: Model `Gray' substituted by `gray' on input line 1371.
Package xcolor Info: Model `wave' substituted by `hsb' on input line 1372.
)
(/usr/share/texlive/texmf-dist/tex/latex/libertinus/libertinus.sty
Package: libertinus 2020/05/06 v. 0.02 (Herbert Voss) Supports libertinus fonts
 for pdflatex/lualatex/xelatex

(/usr/share/texlive/texmf-dist/tex/latex/xkeyval/xkeyval.sty
Package: xkeyval 2025/11/04 v2.10 package option processing (HA)

(/usr/share/texlive/texmf-dist/tex/generic/xkeyval/xkeyval.tex
(/usr/share/texlive/texmf-dist/tex/generic/xkeyval/xkvutils.tex
\XKV@toks=\toks28
\XKV@tempa@toks=\toks29
\XKV@tempb@toks=\toks30
)
\XKV@depth=\count323
File: xkeyval.tex 2014/12/03 v2.7a key=value parser (HA)
))
(/usr/share/texlive/texmf-dist/tex/latex/libertinus-otf/libertinus-otf.sty
Package: libertinus-otf 2025/12/16 v. 0.34 (Herbert Voss) Supports libertinus f
onts for lualatex and xelatex.

(/usr/share/texlive/texmf-dist/tex/latex/unicode-math/unicode-math.sty
(/usr/share/texlive/texmf-dist/tex/latex/l3kernel/expl3.sty
Package: expl3 2026-01-19 L3 programming layer (loader) 

(/usr/share/texlive/texmf-dist/tex/latex/l3backend/l3backend-xetex.def
File: l3backend-xetex.def 2025-10-09 L3 backend support: XeTeX
\g__graphics_track_int=\count324
\g__pdfannot_backend_int=\count325
\g__pdfannot_backend_link_int=\count326
))
Package: unicode-math 2023/08/13 v0.8r Unicode maths in XeLaTeX and LuaLaTeX

(/usr/share/texlive/texmf-dist/tex/latex/unicode-math/unicode-math-xetex.sty
Package: unicode-math-xetex 2023/08/13 v0.8r Unicode maths in XeLaTeX and LuaLa
TeX

(/usr/share/texlive/texmf-dist/tex/latex/l3packages/xparse/xparse.sty
Package: xparse 2025-10-09 L3 Experimental document command parser
)
(/usr/share/texlive/texmf-dist/tex/latex/l3packages/l3keys2e/l3keys2e.sty
Package: l3keys2e 2025-10-09 LaTeX2e option processing using LaTeX3 keys
)
(/usr/share/texlive/texmf-dist/tex/latex/fontspec/fontspec.sty
Package: fontspec 2025/09/29 v2.9g Font selection for XeLaTeX and LuaLaTeX

(/usr/share/texlive/texmf-dist/tex/latex/fontspec/fontspec-xetex.sty
Package: fontspec-xetex 2025/09/29 v2.9g Font selection for XeLaTeX and LuaLaTe
X
\l__fontspec_script_int=\count327
\l__fontspec_language_int=\count328
\l__fontspec_strnum_int=\count329
\l__fontspec_tmp_int=\count330
\l__fontspec_tmpa_int=\count331
\l__fontspec_tmpb_int=\count332
\l__fontspec_tmpc_int=\count333
\l__fontspec_em_int=\count334
\l__fontspec_emdef_int=\count335
\l__fontspec_strong_int=\count336
\l__fontspec_strongdef_int=\count337
\l__fontspec_tmpa_dim=\dimen185
\l__fontspec_tmpb_dim=\dimen186
\l__fontspec_tmpc_dim=\dimen187

(/usr/share/texlive/texmf-dist/tex/latex/base/fontenc.sty
Package: fontenc 2025/07/18 v2.1d Standard LaTeX package
)
(/usr/share/texlive/texmf-dist/tex/latex/fontspec/fontspec.cfg)))
(/usr/share/texlive/texmf-dist/tex/latex/base/fix-cm.sty
Package: fix-cm 2020/11/24 v1.1t fixes to LaTeX

(/usr/share/texlive/texmf-dist/tex/latex/base/ts1enc.def
File: ts1enc.def 2001/06/05 v3.0e (jk/car/fm) Standard LaTeX file
LaTeX Font Info:    Redeclaring font encoding TS1 on input line 47.
LaTeX Encoding Info:    Redeclaring text command \capitalcedilla (encoding TS1)
 on input line 49.
LaTeX Encoding Info:    Redeclaring text command \capitalogonek (encoding TS1) 
on input line 52.
LaTeX Encoding Info:    Redeclaring text command \capitalgrave (encoding TS1) o
n input line 55.
LaTeX Encoding Info:    Redeclaring text command \capitalacute (encoding TS1) o
n input line 56.
LaTeX Encoding Info:    Redeclaring text command \capitalcircumflex (encoding T
S1) on input line 57.
LaTeX Encoding Info:    Redeclaring text command \capitaltilde (encoding TS1) o
n input line 58.
LaTeX Encoding Info:    Redeclaring text command \capitaldieresis (encoding TS1
) on input line 59.
LaTeX Encoding Info:    Redeclaring text command \capitalhungarumlaut (encoding
 TS1) on input line 60.
LaTeX Encoding Info:    Redeclaring text command \capitalring (encoding TS1) on
 input line 61.
LaTeX Encoding Info:    Redeclaring text command \capitalcaron (encoding TS1) o
n input line 62.
LaTeX Encoding Info:    Redeclaring text command \capitalbreve (encoding TS1) o
n input line 63.
LaTeX Encoding Info:    Redeclaring text command \capitalmacron (encoding TS1) 
on input line 64.
LaTeX Encoding Info:    Redeclaring text command \capitaldotaccent (encoding TS
1) on input line 65.
LaTeX Encoding Info:    Redeclaring text command \t (encoding TS1) on input lin
e 66.
LaTeX Encoding Info:    Redeclaring text command \capitaltie (encoding TS1) on 
input line 67.
LaTeX Encoding Info:    Redeclaring text command \newtie (encoding TS1) on inpu
t line 68.
LaTeX Encoding Info:    Redeclaring text command \capitalnewtie (encoding TS1) 
on input line 69.
LaTeX Encoding Info:    Redeclaring text symbol \textcapitalcompwordmark (encod
ing TS1) on input line 70.
LaTeX Encoding Info:    Redeclaring text symbol \textascendercompwordmark (enco
ding TS1) on input line 71.
LaTeX Encoding Info:    Redeclaring text symbol \textquotestraightbase (encodin
g TS1) on input line 72.
LaTeX Encoding Info:    Redeclaring text symbol \textquotestraightdblbase (enco
ding TS1) on input line 73.
LaTeX Encoding Info:    Redeclaring text symbol \texttwelveudash (encoding TS1)
 on input line 74.
LaTeX Encoding Info:    Redeclaring text symbol \textthreequartersemdash (encod
ing TS1) on input line 75.
LaTeX Encoding Info:    Redeclaring text symbol \textleftarrow (encoding TS1) o
n input line 76.
LaTeX Encoding Info:    Redeclaring text symbol \textrightarrow (encoding TS1) 
on input line 77.
LaTeX Encoding Info:    Redeclaring text symbol \textblank (encoding TS1) on in
put line 78.
LaTeX Encoding Info:    Redeclaring text symbol \textdollar (encoding TS1) on i
nput line 79.
LaTeX Encoding Info:    Redeclaring text symbol \textquotesingle (encoding TS1)
 on input line 80.
LaTeX Encoding Info:    Redeclaring text command \textasteriskcentered (encodin
g TS1) on input line 81.
LaTeX Encoding Info:    Redeclaring text symbol \textdblhyphen (encoding TS1) o
n input line 92.
LaTeX Encoding Info:    Redeclaring text symbol \textfractionsolidus (encoding 
TS1) on input line 93.
LaTeX Encoding Info:    Redeclaring text symbol \textzerooldstyle (encoding TS1
) on input line 94.
LaTeX Encoding Info:    Redeclaring text symbol \textoneoldstyle (encoding TS1)
 on input line 95.
LaTeX Encoding Info:    Redeclaring text symbol \texttwooldstyle (encoding TS1)
 on input line 96.
LaTeX Encoding Info:    Redeclaring text symbol \textthreeoldstyle (encoding TS
1) on input line 97.
LaTeX Encoding Info:    Redeclaring text symbol \textfouroldstyle (encoding TS1
) on input line 98.
LaTeX Encoding Info:    Redeclaring text symbol \textfiveoldstyle (encoding TS1
) on input line 99.
LaTeX Encoding Info:    Redeclaring text symbol \textsixoldstyle (encoding TS1)
 on input line 100.
LaTeX Encoding Info:    Redeclaring text symbol \textsevenoldstyle (encoding TS
1) on input line 101.
LaTeX Encoding Info:    Redeclaring text symbol \texteightoldstyle (encoding TS
1) on input line 102.
LaTeX Encoding Info:    Redeclaring text symbol \textnineoldstyle (encoding TS1
) on input line 103.
LaTeX Encoding Info:    Redeclaring text symbol \textlangle (encoding TS1) on i
nput line 104.
LaTeX Encoding Info:    Redeclaring text symbol \textminus (encoding TS1) on in
put line 105.
LaTeX Encoding Info:    Redeclaring text symbol \textrangle (encoding TS1) on i
nput line 106.
LaTeX Encoding Info:    Redeclaring text symbol \textmho (encoding TS1) on inpu
t line 107.
LaTeX Encoding Info:    Redeclaring text symbol \textbigcircle (encoding TS1) o
n input line 108.
LaTeX Encoding Info:    Redeclaring text command \textcircled (encoding TS1) on
 input line 109.
LaTeX Encoding Info:    Redeclaring text symbol \textohm (encoding TS1) on inpu
t line 115.
LaTeX Encoding Info:    Redeclaring text symbol \textlbrackdbl (encoding TS1) o
n input line 116.
LaTeX Encoding Info:    Redeclaring text symbol \textrbrackdbl (encoding TS1) o
n input line 117.
LaTeX Encoding Info:    Redeclaring text symbol \textuparrow (encoding TS1) on 
input line 118.
LaTeX Encoding Info:    Redeclaring text symbol \textdownarrow (encoding TS1) o
n input line 119.
LaTeX Encoding Info:    Redeclaring text symbol \textasciigrave (encoding TS1) 
on input line 120.
LaTeX Encoding Info:    Redeclaring text symbol \textborn (encoding TS1) on inp
ut line 121.
LaTeX Encoding Info:    Redeclaring text symbol \textdivorced (encoding TS1) on
 input line 122.
LaTeX Encoding Info:    Redeclaring text symbol \textdied (encoding TS1) on inp
ut line 123.
LaTeX Encoding Info:    Redeclaring text symbol \textleaf (encoding TS1) on inp
ut line 124.
LaTeX Encoding Info:    Redeclaring text symbol \textmarried (encoding TS1) on 
input line 125.
LaTeX Encoding Info:    Redeclaring text symbol \textmusicalnote (encoding TS1)
 on input line 126.
LaTeX Encoding Info:    Redeclaring text symbol \texttildelow (encoding TS1) on
 input line 127.
LaTeX Encoding Info:    Redeclaring text symbol \textdblhyphenchar (encoding TS
1) on input line 128.
LaTeX Encoding Info:    Redeclaring text symbol \textasciibreve (encoding TS1) 
on input line 129.
LaTeX Encoding Info:    Redeclaring text symbol \textasciicaron (encoding TS1) 
on input line 130.
LaTeX Encoding Info:    Redeclaring text symbol \textacutedbl (encoding TS1) on
 input line 131.
LaTeX Encoding Info:    Redeclaring text symbol \textgravedbl (encoding TS1) on
 input line 132.
LaTeX Encoding Info:    Redeclaring text symbol \textdagger (encoding TS1) on i
nput line 133.
LaTeX Encoding Info:    Redeclaring text symbol \textdaggerdbl (encoding TS1) o
n input line 134.
LaTeX Encoding Info:    Redeclaring text symbol \textbardbl (encoding TS1) on i
nput line 135.
LaTeX Encoding Info:    Redeclaring text symbol \textperthousand (encoding TS1)
 on input line 136.
LaTeX Encoding Info:    Redeclaring text symbol \textbullet (encoding TS1) on i
nput line 137.
LaTeX Encoding Info:    Redeclaring text symbol \textcelsius (encoding TS1) on 
input line 138.
LaTeX Encoding Info:    Redeclaring text symbol \textdollaroldstyle (encoding T
S1) on input line 139.
LaTeX Encoding Info:    Redeclaring text symbol \textcentoldstyle (encoding TS1
) on input line 140.
LaTeX Encoding Info:    Redeclaring text symbol \textflorin (encoding TS1) on i
nput line 141.
LaTeX Encoding Info:    Redeclaring text symbol \textcolonmonetary (encoding TS
1) on input line 142.
LaTeX Encoding Info:    Redeclaring text symbol \textwon (encoding TS1) on inpu
t line 143.
LaTeX Encoding Info:    Redeclaring text symbol \textnaira (encoding TS1) on in
put line 144.
LaTeX Encoding Info:    Redeclaring text symbol \textguarani (encoding TS1) on 
input line 145.
LaTeX Encoding Info:    Redeclaring text symbol \textpeso (encoding TS1) on inp
ut line 146.
LaTeX Encoding Info:    Redeclaring text symbol \textlira (encoding TS1) on inp
ut line 147.
LaTeX Encoding Info:    Redeclaring text symbol \textrecipe (encoding TS1) on i
nput line 148.
LaTeX Encoding Info:    Redeclaring text symbol \textinterrobang (encoding TS1)
 on input line 149.
LaTeX Encoding Info:    Redeclaring text symbol \textinterrobangdown (encoding 
TS1) on input line 150.
LaTeX Encoding Info:    Redeclaring text symbol \textdong (encoding TS1) on inp
ut line 151.
LaTeX Encoding Info:    Redeclaring text symbol \texttrademark (encoding TS1) o
n input line 152.
LaTeX Encoding Info:    Redeclaring text symbol \textpertenthousand (encoding T
S1) on input line 153.
LaTeX Encoding Info:    Redeclaring text symbol \textpilcrow (encoding TS1) on 
input line 154.
LaTeX Encoding Info:    Redeclaring text symbol \textbaht (encoding TS1) on inp
ut line 155.
LaTeX Encoding Info:    Redeclaring text symbol \textnumero (encoding TS1) on i
nput line 156.
LaTeX Encoding Info:    Redeclaring text symbol \textdiscount (encoding TS1) on
 input line 157.
LaTeX Encoding Info:    Redeclaring text symbol \textestimated (encoding TS1) o
n input line 158.
LaTeX Encoding Info:    Redeclaring text symbol \textopenbullet (encoding TS1) 
on input line 159.
LaTeX Encoding Info:    Redeclaring text symbol \textservicemark (encoding TS1)
 on input line 160.
LaTeX Encoding Info:    Redeclaring text symbol \textlquill (encoding TS1) on i
nput line 161.
LaTeX Encoding Info:    Redeclaring text symbol \textrquill (encoding TS1) on i
nput line 162.
LaTeX Encoding Info:    Redeclaring text symbol \textcent (encoding TS1) on inp
ut line 163.
LaTeX Encoding Info:    Redeclaring text symbol \textsterling (encoding TS1) on
 input line 164.
LaTeX Encoding Info:    Redeclaring text symbol \textcurrency (encoding TS1) on
 input line 165.
LaTeX Encoding Info:    Redeclaring text symbol \textyen (encoding TS1) on inpu
t line 166.
LaTeX Encoding Info:    Redeclaring text symbol \textbrokenbar (encoding TS1) o
n input line 167.
LaTeX Encoding Info:    Redeclaring text symbol \textsection (encoding TS1) on 
input line 168.
LaTeX Encoding Info:    Redeclaring text symbol \textasciidieresis (encoding TS
1) on input line 169.
LaTeX Encoding Info:    Redeclaring text symbol \textcopyright (encoding TS1) o
n input line 170.
LaTeX Encoding Info:    Redeclaring text symbol \textordfeminine (encoding TS1)
 on input line 171.
LaTeX Encoding Info:    Redeclaring text symbol \textcopyleft (encoding TS1) on
 input line 172.
LaTeX Encoding Info:    Redeclaring text symbol \textlnot (encoding TS1) on inp
ut line 173.
LaTeX Encoding Info:    Redeclaring text symbol \textcircledP (encoding TS1) on
 input line 174.
LaTeX Encoding Info:    Redeclaring text symbol \textregistered (encoding TS1) 
on input line 175.
LaTeX Encoding Info:    Redeclaring text symbol \textasciimacron (encoding TS1)
 on input line 176.
LaTeX Encoding Info:    Redeclaring text symbol \textdegree (encoding TS1) on i
nput line 177.
LaTeX Encoding Info:    Redeclaring text symbol \textpm (encoding TS1) on input
 line 178.
LaTeX Encoding Info:    Redeclaring text symbol \texttwosuperior (encoding TS1)
 on input line 179.
LaTeX Encoding Info:    Redeclaring text symbol \textthreesuperior (encoding TS
1) on input line 180.
LaTeX Encoding Info:    Redeclaring text symbol \textasciiacute (encoding TS1) 
on input line 181.
LaTeX Encoding Info:    Redeclaring text symbol \textmu (encoding TS1) on input
 line 182.
LaTeX Encoding Info:    Redeclaring text symbol \textparagraph (encoding TS1) o
n input line 183.
LaTeX Encoding Info:    Redeclaring text symbol \textperiodcentered (encoding T
S1) on input line 184.
LaTeX Encoding Info:    Redeclaring text symbol \textreferencemark (encoding TS
1) on input line 185.
LaTeX Encoding Info:    Redeclaring text symbol \textonesuperior (encoding TS1)
 on input line 186.
LaTeX Encoding Info:    Redeclaring text symbol \textordmasculine (encoding TS1
) on input line 187.
LaTeX Encoding Info:    Redeclaring text symbol \textsurd (encoding TS1) on inp
ut line 188.
LaTeX Encoding Info:    Redeclaring text symbol \textonequarter (encoding TS1) 
on input line 189.
LaTeX Encoding Info:    Redeclaring text symbol \textonehalf (encoding TS1) on 
input line 190.
LaTeX Encoding Info:    Redeclaring text symbol \textthreequarters (encoding TS
1) on input line 191.
LaTeX Encoding Info:    Redeclaring text symbol \texteuro (encoding TS1) on inp
ut line 192.
LaTeX Encoding Info:    Redeclaring text symbol \texttimes (encoding TS1) on in
put line 193.
LaTeX Encoding Info:    Redeclaring text symbol \textdiv (encoding TS1) on inpu
t line 194.
))
\g__um_fam_int=\count338
\g__um_fonts_used_int=\count339
\l__um_primecount_int=\count340
\g__um_primekern_muskip=\muskip19

(/usr/share/texlive/texmf-dist/tex/latex/unicode-math/unicode-math-table.tex)))
Requested font "[LibertinusSerif-Regular.otf]/OT" at 11.99997pt
 -> /usr/share/texlive/texmf-dist/fonts/opentype/public/libertinus-fonts/Libert
inusSerif-Regular.otf
Requested font "[LibertinusSerif-Regular.otf]/OT" at 12.00003pt
 -> /usr/share/texlive/texmf-dist/fonts/opentype/public/libertinus-fonts/Libert
inusSerif-Regular.otf
Requested font "[LibertinusSerif-Regular.otf]/OT:script=latn;language=dflt;" at
 12.00003pt
 -> /usr/share/texlive/texmf-dist/fonts/opentype/public/libertinus-fonts/Libert
inusSerif-Regular.otf
Requested font "[LibertinusSerif-Bold.otf]/OT:script=latn;language=dflt;" at 12
.00003pt
 -> /usr/share/texlive/texmf-dist/fonts/opentype/public/libertinus-fonts/Libert
inusSerif-Bold.otf
Requested font "[LibertinusSerif-Italic.otf]/OT:script=latn;language=dflt;" at 
12.00003pt
 -> /usr/share/texlive/texmf-dist/fonts/opentype/public/libertinus-fonts/Libert
inusSerif-Italic.otf
Requested font "[LibertinusSerif-BoldItalic.otf]/OT:script=latn;language=dflt;"
 at 12.00003pt
 -> /usr/share/texlive/texmf-dist/fonts/opentype/public/libertinus-fonts/Libert
inusSerif-BoldItalic.otf
LaTeX Font Info:    Overwriting math alphabet `\mathrm' in version `normal'
(Font)                  OT1/cmr/m/n --> TU/LibertinusSerif(1)/m/n on input line
 242.
LaTeX Font Info:    Overwriting math alphabet `\mathit' in version `normal'
(Font)                  OT1/cmr/m/it --> TU/LibertinusSerif(1)/m/it on input li
ne 242.
LaTeX Font Info:    Overwriting math alphabet `\mathbf' in version `normal'
(Font)                  OT1/cmr/bx/n --> TU/LibertinusSerif(1)/b/n on input lin
e 242.
LaTeX Font Info:    Font shape `TU/LibertinusSerif(0)/m/n' will be
(Font)              scaled to size 12.0pt on input line 242.
Requested font "[LibertinusSerif-Regular.otf]/OT:script=latn;language=dflt;+hv-
kern;+tnum;+lnum;mapping=tex-text;" at 12.0pt
 -> /usr/share/texlive/texmf-dist/fonts/opentype/public/libertinus-fonts/Libert
inusSerif-Regular.otf
Requested font "[LibertinusSerif-Semibold.otf]/OT:script=latn;language=dflt;" a
t 12.00003pt
 -> /usr/share/texlive/texmf-dist/fonts/opentype/public/libertinus-fonts/Libert
inusSerif-Semibold.otf
Requested font "[LibertinusSerif-SemiboldItalic.otf]/OT:script=latn;language=df
lt;" at 12.00003pt
 -> /usr/share/texlive/texmf-dist/fonts/opentype/public/libertinus-fonts/Libert
inusSerif-SemiboldItalic.otf
Requested font "[LibertinusSans-Regular.otf]/OT" at 11.99997pt
 -> /usr/share/texlive/texmf-dist/fonts/opentype/public/libertinus-fonts/Libert
inusSans-Regular.otf
Requested font "[LibertinusSans-Regular.otf]/OT" at 12.00003pt
 -> /usr/share/texlive/texmf-dist/fonts/opentype/public/libertinus-fonts/Libert
inusSans-Regular.otf
Requested font "[LibertinusSans-Regular.otf]/OT:script=latn;language=dflt;" at 
12.00003pt
 -> /usr/share/texlive/texmf-dist/fonts/opentype/public/libertinus-fonts/Libert
inusSans-Regular.otf
Requested font "[LibertinusSans-Bold.otf]/OT:script=latn;language=dflt;" at 12.
00003pt
 -> /usr/share/texlive/texmf-dist/fonts/opentype/public/libertinus-fonts/Libert
inusSans-Bold.otf
Requested font "[LibertinusSans-Italic.otf]/OT:script=latn;language=dflt;" at 1
2.00003pt
 -> /usr/share/texlive/texmf-dist/fonts/opentype/public/libertinus-fonts/Libert
inusSans-Italic.otf
LaTeX Font Info:    Overwriting math alphabet `\mathsf' in version `normal'
(Font)                  OT1/cmss/m/n --> TU/LibertinusSans(1)/m/n on input line
 322.
LaTeX Font Info:    Overwriting math alphabet `\mathsf' in version `bold'
(Font)                  OT1/cmss/bx/n --> TU/LibertinusSans(1)/b/n on input lin
e 322.
Requested font "[LibertinusMono-Regular.otf]/OT" at 11.99997pt
 -> /usr/share/texlive/texmf-dist/fonts/opentype/public/libertinus-fonts/Libert
inusMono-Regular.otf
Requested font "[LibertinusMono-Regular.otf]/OT" at 12.00003pt
 -> /usr/share/texlive/texmf-dist/fonts/opentype/public/libertinus-fonts/Libert
inusMono-Regular.otf
Requested font "[LibertinusMono-Regular.otf]/OT:script=latn;language=dflt;" at 
12.00003pt
 -> /usr/share/texlive/texmf-dist/fonts/opentype/public/libertinus-fonts/Libert
inusMono-Regular.otf
LaTeX Font Info:    Overwriting math alphabet `\mathtt' in version `normal'
(Font)                  OT1/cmtt/m/n --> TU/LibertinusMono(1)/m/n on input line
 379.
LaTeX Font Info:    Overwriting math alphabet `\mathtt' in version `bold'
(Font)                  OT1/cmtt/m/n --> TU/LibertinusMono(1)/b/n on input line
 379.
*************************************
* Using libertinus math *
*************************************
Requested font "[LibertinusMath-Regular.otf]/OT" at 11.99997pt
 -> /usr/share/texlive/texmf-dist/fonts/opentype/public/libertinus-fonts/Libert
inusMath-Regular.otf
Requested font "[LibertinusMath-Regular.otf]/OT" at 12.00003pt
 -> /usr/share/texlive/texmf-dist/fonts/opentype/public/libertinus-fonts/Libert
inusMath-Regular.otf
Requested font "[LibertinusMath-Regular.otf]/OT:script=math;language=dflt;" at 
12.00003pt
 -> /usr/share/texlive/texmf-dist/fonts/opentype/public/libertinus-fonts/Libert
inusMath-Regular.otf
Requested font "[LibertinusMath-Regular.otf]/OT:script=math;language=dflt;" at 
12.0pt
 -> /usr/share/texlive/texmf-dist/fonts/opentype/public/libertinus-fonts/Libert
inusMath-Regular.otf
LaTeX Font Info:    Encoding `OT1' has changed to `TU' for symbol font
(Font)              `operators' in the math version `normal' on input line 404.

LaTeX Font Info:    Overwriting symbol font `operators' in version `normal'
(Font)                  OT1/cmr/m/n --> TU/LibertinusMath-Regular.otf(1)/m/n on
 input line 404.
LaTeX Font Info:    Encoding `OT1' has changed to `TU' for symbol font
(Font)              `operators' in the math version `bold' on input line 404.
LaTeX Font Info:    Overwriting symbol font `operators' in version `bold'
(Font)                  OT1/cmr/bx/n --> TU/LibertinusMath-Regular.otf(1)/b/n o
n input line 404.
LaTeX Font Info:    Encoding `OMS' has changed to `TU' for symbol font
(Font)              `symbols' in the math version `normal' on input line 404.
LaTeX Font Info:    Overwriting symbol font `symbols' in version `normal'
(Font)                  OMS/cmsy/m/n --> TU/LibertinusMath-Regular.otf(2)/m/n o
n input line 404.
LaTeX Font Info:    Encoding `OMS' has changed to `TU' for symbol font
(Font)              `symbols' in the math version `bold' on input line 404.
LaTeX Font Info:    Overwriting symbol font `symbols' in version `bold'
(Font)                  OMS/cmsy/b/n --> TU/LibertinusMath-Regular.otf(2)/b/n o
n input line 404.
LaTeX Font Info:    Encoding `OMX' has changed to `TU' for symbol font
(Font)              `largesymbols' in the math version `normal' on input line 4
04.
LaTeX Font Info:    Overwriting symbol font `largesymbols' in version `normal'
(Font)                  OMX/cmex/m/n --> TU/LibertinusMath-Regular.otf(3)/m/n o
n input line 404.
LaTeX Font Info:    Encoding `OMX' has changed to `TU' for symbol font
(Font)              `largesymbols' in the math version `bold' on input line 404
.
LaTeX Font Info:    Overwriting symbol font `largesymbols' in version `bold'
(Font)                  OMX/cmex/m/n --> TU/LibertinusMath-Regular.otf(3)/b/n o
n input line 404.
LaTeX Font Info:    Redeclaring math version `bold' on input line 406.
Requested font "[LibertinusMath-Regular.otf]/OT:script=math;language=dflt;embol
den=3;" at 12.0pt
 -> /usr/share/texlive/texmf-dist/fonts/opentype/public/libertinus-fonts/Libert
inusMath-Regular.otf
LaTeX Font Info:    Encoding `OT1' has changed to `TU' for symbol font
(Font)              `operators' in the math version `bold' on input line 406.
LaTeX Font Info:    Overwriting symbol font `operators' in version `bold'
(Font)                  OT1/cmr/m/n --> TU/LibertinusMath-Regular.otf(5)/m/n on
 input line 406.
LaTeX Font Info:    Encoding `OMS' has changed to `TU' for symbol font
(Font)              `symbols' in the math version `bold' on input line 406.
LaTeX Font Info:    Overwriting symbol font `symbols' in version `bold'
(Font)                  OMS/cmsy/m/n --> TU/LibertinusMath-Regular.otf(6)/m/n o
n input line 406.
LaTeX Font Info:    Encoding `OMX' has changed to `TU' for symbol font
(Font)              `largesymbols' in the math version `bold' on input line 406
.
LaTeX Font Info:    Overwriting symbol font `largesymbols' in version `bold'
(Font)                  OMX/cmex/m/n --> TU/LibertinusMath-Regular.otf(7)/m/n o
n input line 406.
Requested font "[LinBiolinum_K.otf]" scaled 1000
 -> /usr/share/texlive/texmf-dist/fonts/opentype/public/libertine/LinBiolinum_K
.otf
Requested font "[LibertinusKeyboard-Regular.otf]" scaled 1000
 -> /usr/share/texlive/texmf-dist/fonts/opentype/public/libertinus-fonts/Libert
inusKeyboard-Regular.otf
Requested font "[LibertinusSerifDisplay-Regular.otf]/OT" at 11.99997pt
 -> /usr/share/texlive/texmf-dist/fonts/opentype/public/libertinus-fonts/Libert
inusSerifDisplay-Regular.otf
Requested font "[LibertinusSerifDisplay-Regular.otf]/OT" at 12.00003pt
 -> /usr/share/texlive/texmf-dist/fonts/opentype/public/libertinus-fonts/Libert
inusSerifDisplay-Regular.otf
Requested font "[LibertinusSerifDisplay-Regular.otf]/OT:script=latn;language=df
lt;" at 12.00003pt
 -> /usr/share/texlive/texmf-dist/fonts/opentype/public/libertinus-fonts/Libert
inusSerifDisplay-Regular.otf
Requested font "[LibertinusSerifInitials-Regular.otf]/OT" at 11.99997pt
 -> /usr/share/texlive/texmf-dist/fonts/opentype/public/libertinus-fonts/Libert
inusSerifInitials-Regular.otf
Requested font "[LibertinusSerifInitials-Regular.otf]/OT" at 12.00003pt
 -> /usr/share/texlive/texmf-dist/fonts/opentype/public/libertinus-fonts/Libert
inusSerifInitials-Regular.otf
Requested font "[LibertinusSerifInitials-Regular.otf]/OT:language=dflt;" at 12.
00003pt
 -> /usr/share/texlive/texmf-dist/fonts/opentype/public/libertinus-fonts/Libert
inusSerifInitials-Regular.otf
))
Package hyperref Info: Option `colorlinks' set `false' on input line 27.
 (/usr/share/texlive/texmf-dist/tex/latex/listings/lstlang1.sty
File: lstlang1.sty 2025/11/14 1.11b listings language file
) (./main.aux
Package babel Info: 'greek' activates 'greek' shorthands.
(babel)             Reported on input line 7.
)
\openout1 = `main.aux'.

LaTeX Font Info:    Checking defaults for OML/cmm/m/it on input line 64.
LaTeX Font Info:    ... okay on input line 64.
LaTeX Font Info:    Checking defaults for OMS/cmsy/m/n on input line 64.
LaTeX Font Info:    ... okay on input line 64.
LaTeX Font Info:    Checking defaults for OT1/cmr/m/n on input line 64.
LaTeX Font Info:    ... okay on input line 64.
LaTeX Font Info:    Checking defaults for T1/cmr/m/n on input line 64.
LaTeX Font Info:    ... okay on input line 64.
LaTeX Font Info:    Checking defaults for TS1/cmr/m/n on input line 64.
LaTeX Font Info:    ... okay on input line 64.
LaTeX Font Info:    Checking defaults for TU/lmr/m/n on input line 64.
LaTeX Font Info:    ... okay on input line 64.
LaTeX Font Info:    Checking defaults for OMX/cmex/m/n on input line 64.
LaTeX Font Info:    ... okay on input line 64.
LaTeX Font Info:    Checking defaults for U/cmr/m/n on input line 64.
LaTeX Font Info:    ... okay on input line 64.
LaTeX Font Info:    Checking defaults for PD1/pdf/m/n on input line 64.
LaTeX Font Info:    ... okay on input line 64.
LaTeX Font Info:    Checking defaults for PU/pdf/m/n on input line 64.
LaTeX Font Info:    ... okay on input line 64.
Package babel Info: Importing data for greek
(babel)             from babel-el.ini. Reported on input line 64.
LaTeX Info: Redefining \Upsilon on input line 64.
LaTeX Info: Redefining \Omega on input line 64.
LaTeX Info: Redefining \alpha on input line 64.
LaTeX Info: Redefining \epsilon on input line 64.
LaTeX Info: Redefining \eta on input line 64.
LaTeX Info: Redefining \iota on input line 64.
LaTeX Info: Redefining \rho on input line 64.
LaTeX Info: Redefining \upsilon on input line 64.
LaTeX Info: Redefining \omega on input line 64.
*geometry* driver: auto-detecting
*geometry* detected driver: xetex
*geometry* verbose mode - [ preamble ] result:
* driver: xetex
* paper: a4paper
* layout: <same size as paper>
* layoutoffset:(h,v)=(0.0pt,0.0pt)
* modes: 
* h-part:(L,W,R)=(71.13188pt, 455.24411pt, 71.13188pt)
* v-part:(T,H,B)=(71.13188pt, 702.78308pt, 71.13188pt)
* \paperwidth=597.50787pt
* \paperheight=845.04684pt
* \textwidth=455.24411pt
* \textheight=702.78308pt
* \oddsidemargin=-1.1381pt
* \evensidemargin=-1.1381pt
* \topmargin=-38.1381pt
* \headheight=12.0pt
* \headsep=25.0pt
* \topskip=12.0pt
* \footskip=30.0pt
* \marginparwidth=35.0pt
* \marginparsep=10.0pt
* \columnsep=10.0pt
* \skip\footins=10.8pt plus 4.0pt minus 2.0pt
* \hoffset=0.0pt
* \voffset=0.0pt
* \mag=1000
* \@twocolumnfalse
* \@twosidefalse
* \@mparswitchfalse
* \@reversemarginfalse
* (1in=72.27pt=25.4mm, 1cm=28.453pt)

Package hyperref Info: Link coloring OFF on input line 64.
(./main.out) (./main.out)
\@outlinefile=\write3
\openout3 = `main.out'.

\c@lstlisting=\count341
Package caption Info: Begin \AtBeginDocument code.
Package caption Info: End \AtBeginDocument code.
LaTeX Font Info:    Font shape `TU/LibertinusSerif(0)/m/n' will be
(Font)              scaled to size 24.88pt on input line 71.
Requested font "[LibertinusSerif-Regular.otf]/OT:script=latn;language=dflt;+hv-
kern;+tnum;+lnum;mapping=tex-text;" at 24.88pt
 -> /usr/share/texlive/texmf-dist/fonts/opentype/public/libertinus-fonts/Libert
inusSerif-Regular.otf
LaTeX Font Info:    Font shape `TU/LibertinusSerif(0)/b/n' will be
(Font)              scaled to size 24.88pt on input line 71.
Requested font "[LibertinusSerif-Bold.otf]/OT:script=latn;language=dflt;+hv-ker
n;+tnum;+lnum;mapping=tex-text;" at 24.88pt
 -> /usr/share/texlive/texmf-dist/fonts/opentype/public/libertinus-fonts/Libert
inusSerif-Bold.otf
LaTeX Font Info:    Font shape `TU/LibertinusSerif(0)/m/n' will be
(Font)              scaled to size 17.28pt on input line 73.
Requested font "[LibertinusSerif-Regular.otf]/OT:script=latn;language=dflt;+hv-
kern;+tnum;+lnum;mapping=tex-text;" at 17.28pt
 -> /usr/share/texlive/texmf-dist/fonts/opentype/public/libertinus-fonts/Libert
inusSerif-Regular.otf
LaTeX Font Info:    Font shape `TU/LibertinusSerif(0)/m/it' will be
(Font)              scaled to size 17.28pt on input line 73.
Requested font "[LibertinusSerif-Italic.otf]/OT:script=latn;language=dflt;+hv-k
ern;+tnum;+lnum;mapping=tex-text;" at 17.28pt
 -> /usr/share/texlive/texmf-dist/fonts/opentype/public/libertinus-fonts/Libert
inusSerif-Italic.otf
LaTeX Font Info:    Font shape `TU/LibertinusSerif(0)/b/n' will be
(Font)              scaled to size 17.28pt on input line 75.
Requested font "[LibertinusSerif-Bold.otf]/OT:script=latn;language=dflt;+hv-ker
n;+tnum;+lnum;mapping=tex-text;" at 17.28pt
 -> /usr/share/texlive/texmf-dist/fonts/opentype/public/libertinus-fonts/Libert
inusSerif-Bold.otf
LaTeX Font Info:    Font shape `TU/LibertinusSerif(0)/b/n' will be
(Font)              scaled to size 12.0pt on input line 80.
Requested font "[LibertinusSerif-Bold.otf]/OT:script=latn;language=dflt;+hv-ker
n;+tnum;+lnum;mapping=tex-text;" at 12.0pt
 -> /usr/share/texlive/texmf-dist/fonts/opentype/public/libertinus-fonts/Libert
inusSerif-Bold.otf
LaTeX Font Info:    Font shape `TU/LibertinusSerif(0)/m/n' will be
(Font)              scaled to size 14.4pt on input line 88.
Requested font "[LibertinusSerif-Regular.otf]/OT:script=latn;language=dflt;+hv-
kern;+tnum;+lnum;mapping=tex-text;" at 14.4pt
 -> /usr/share/texlive/texmf-dist/fonts/opentype/public/libertinus-fonts/Libert
inusSerif-Regular.otf
 [1

] (./main.toc
Requested font "[LibertinusMath-Regular.otf]/OT:script=math;language=dflt;+ssty
=0;" at 9.6pt
 -> /usr/share/texlive/texmf-dist/fonts/opentype/public/libertinus-fonts/Libert
inusMath-Regular.otf
Requested font "[LibertinusMath-Regular.otf]/OT:script=math;language=dflt;+ssty
=1;" at 7.2pt
 -> /usr/share/texlive/texmf-dist/fonts/opentype/public/libertinus-fonts/Libert
inusMath-Regular.otf
Requested font "cmmi12" at 12.0pt
 -> /usr/share/texlive/texmf-dist/fonts/tfm/public/cm/cmmi12.tfm
Requested font "cmmi9" at 9.6pt
 -> /usr/share/texlive/texmf-dist/fonts/tfm/public/cm/cmmi9.tfm
Requested font "cmmi7" at 7.2pt
 -> /usr/share/texlive/texmf-dist/fonts/tfm/public/cm/cmmi7.tfm
LaTeX Font Info:    Font shape `TU/LibertinusMath-Regular.otf(2)/m/n' will be
(Font)              scaled to size 12.00128pt on input line 6.
Requested font "[LibertinusMath-Regular.otf]/OT:script=math;language=dflt;" at 
12.00128pt
 -> /usr/share/texlive/texmf-dist/fonts/opentype/public/libertinus-fonts/Libert
inusMath-Regular.otf
LaTeX Font Info:    Font shape `TU/LibertinusMath-Regular.otf(2)/m/n' will be
(Font)              scaled to size 9.60103pt on input line 6.
Requested font "[LibertinusMath-Regular.otf]/OT:script=math;language=dflt;+ssty
=0;" at 9.60103pt
 -> /usr/share/texlive/texmf-dist/fonts/opentype/public/libertinus-fonts/Libert
inusMath-Regular.otf
LaTeX Font Info:    Font shape `TU/LibertinusMath-Regular.otf(2)/m/n' will be
(Font)              scaled to size 7.20076pt on input line 6.
Requested font "[LibertinusMath-Regular.otf]/OT:script=math;language=dflt;+ssty
=1;" at 7.20076pt
 -> /usr/share/texlive/texmf-dist/fonts/opentype/public/libertinus-fonts/Libert
inusMath-Regular.otf
LaTeX Font Info:    Font shape `TU/LibertinusMath-Regular.otf(3)/m/n' will be
(Font)              scaled to size 11.99872pt on input line 6.
Requested font "[LibertinusMath-Regular.otf]/OT:script=math;language=dflt;" at 
11.99872pt
 -> /usr/share/texlive/texmf-dist/fonts/opentype/public/libertinus-fonts/Libert
inusMath-Regular.otf
LaTeX Font Info:    Font shape `TU/LibertinusMath-Regular.otf(3)/m/n' will be
(Font)              scaled to size 9.59897pt on input line 6.
Requested font "[LibertinusMath-Regular.otf]/OT:script=math;language=dflt;+ssty
=0;" at 9.59897pt
 -> /usr/share/texlive/texmf-dist/fonts/opentype/public/libertinus-fonts/Libert
inusMath-Regular.otf
LaTeX Font Info:    Font shape `TU/LibertinusMath-Regular.otf(3)/m/n' will be
(Font)              scaled to size 7.19922pt on input line 6.
Requested font "[LibertinusMath-Regular.otf]/OT:script=math;language=dflt;+ssty
=1;" at 7.19922pt
 -> /usr/share/texlive/texmf-dist/fonts/opentype/public/libertinus-fonts/Libert
inusMath-Regular.otf
LaTeX Font Info:    Trying to load font information for U+msa on input line 6.

(/usr/share/texlive/texmf-dist/tex/latex/amsfonts/umsa.fd
File: umsa.fd 2013/01/14 v3.01 AMS symbols A
)
Requested font "msam10" at 12.0pt
 -> /usr/share/texlive/texmf-dist/fonts/tfm/public/amsfonts/symbols/msam10.tfm
Requested font "msam10" at 9.6pt
 -> /usr/share/texlive/texmf-dist/fonts/tfm/public/amsfonts/symbols/msam10.tfm
Requested font "msam7" at 7.2pt
 -> /usr/share/texlive/texmf-dist/fonts/tfm/public/amsfonts/symbols/msam7.tfm
LaTeX Font Info:    Trying to load font information for U+msb on input line 6.

(/usr/share/texlive/texmf-dist/tex/latex/amsfonts/umsb.fd
File: umsb.fd 2013/01/14 v3.01 AMS symbols B
)
Requested font "msbm10" at 12.0pt
 -> /usr/share/texlive/texmf-dist/fonts/tfm/public/amsfonts/symbols/msbm10.tfm
Requested font "msbm10" at 9.6pt
 -> /usr/share/texlive/texmf-dist/fonts/tfm/public/amsfonts/symbols/msbm10.tfm
Requested font "msbm7" at 7.2pt
 -> /usr/share/texlive/texmf-dist/fonts/tfm/public/amsfonts/symbols/msbm7.tfm
)
\tf@toc=\write4
\openout4 = `main.toc'.

 [1]
LaTeX Font Info:    Font shape `TU/LibertinusMono(0)/m/n' will be
(Font)              scaled to size 10.40002pt on input line 127.
Requested font "[LibertinusMono-Regular.otf]/OT:script=latn;language=dflt;exten
d=0.9;+tnum; +lnum;" at 10.40002pt
 -> /usr/share/texlive/texmf-dist/fonts/opentype/public/libertinus-fonts/Libert
inusMono-Regular.otf
 [2]
LaTeX Font Info:    Font shape `TU/LibertinusSerif(0)/b/n' will be
(Font)              scaled to size 14.4pt on input line 164.
Requested font "[LibertinusSerif-Bold.otf]/OT:script=latn;language=dflt;+hv-ker
n;+tnum;+lnum;mapping=tex-text;" at 14.4pt
 -> /usr/share/texlive/texmf-dist/fonts/opentype/public/libertinus-fonts/Libert
inusSerif-Bold.otf

Overfull \hbox (54.02548pt too wide) in paragraph at lines 167--172
\TU/LibertinusSerif(0)/m/n/12 θηκε σαν template. Φορτώνονται τα δεδομένα με την
 μέθοδό \TU/LibertinusMono(0)/m/n/12 spark.read.parquet(args.crimes_path)
 []

Package hyperref Info: bookmark level for unknown lstlisting defaults to 0 on i
nput line 197.
LaTeX Font Info:    Font shape `TU/LibertinusMono(0)/m/n' will be
(Font)              scaled to size 9.49pt on input line 197.
Requested font "[LibertinusMono-Regular.otf]/OT:script=latn;language=dflt;exten
d=0.9;+tnum; +lnum;" at 9.49pt
 -> /usr/share/texlive/texmf-dist/fonts/opentype/public/libertinus-fonts/Libert
inusMono-Regular.otf
LaTeX Font Info:    Font shape `TU/LibertinusSerif(0)/m/n' will be
(Font)              scaled to size 10.95pt on input line 198.
Requested font "[LibertinusSerif-Regular.otf]/OT:script=latn;language=dflt;+hv-
kern;+tnum;+lnum;mapping=tex-text;" at 10.95pt
 -> /usr/share/texlive/texmf-dist/fonts/opentype/public/libertinus-fonts/Libert
inusSerif-Regular.otf
LaTeX Font Info:    Font shape `TU/LibertinusSerif(0)/m/n' will be
(Font)              scaled to size 6.0pt on input line 198.
Requested font "[LibertinusSerif-Regular.otf]/OT:script=latn;language=dflt;+hv-
kern;+tnum;+lnum;mapping=tex-text;" at 6.0pt
 -> /usr/share/texlive/texmf-dist/fonts/opentype/public/libertinus-fonts/Libert
inusSerif-Regular.otf
LaTeX Font Info:    Font shape `TU/LibertinusMono(0)/b/n' will be
(Font)              scaled to size 9.49pt on input line 199.
Requested font "[LibertinusMono-Regular.otf]/OT:script=latn;language=dflt;exten
d=0.9;+tnum; +lnum;embolden=3;" at 9.49pt
 -> /usr/share/texlive/texmf-dist/fonts/opentype/public/libertinus-fonts/Libert
inusMono-Regular.otf
[3] (/usr/share/texlive/texmf-dist/tex/latex/listings/lstlang1.sty
File: lstlang1.sty 2025/11/14 1.11b listings language file
)
(/usr/share/texlive/texmf-dist/tex/latex/listings/lstlang1.sty
File: lstlang1.sty 2025/11/14 1.11b listings language file
) [4]
Overfull \hbox (37.74487pt too wide) in paragraph at lines 327--330
[]\TU/LibertinusSerif(0)/m/n/12 Έπειτα ξεκινάμε το perf_counter και κάνουμε map
 με την βοήθεια της συνάρτησης \TU/LibertinusMono(0)/m/n/12 get_day_part\TU/Lib
ertinusSerif(0)/m/n/12 .
 []

[5] [6] [7] [8] [9] [10]
Overfull \hbox (45.65564pt too wide) in paragraph at lines 844--853
\TU/LibertinusSerif(0)/m/n/12 δικα ξανά στον δικό μου υπολογιστή και προστέθηκε
 το \TU/LibertinusMono(0)/m/n/12 final_result.explain(mode="formatted")
 []

[11]
Overfull \hbox (37.66704pt too wide) in paragraph at lines 925--931
\TU/LibertinusSerif(0)/m/n/12 δημα για την διετία 2020-2021. Χρησιμοποιήθηκαν τ
α \TU/LibertinusMono(0)/m/n/12 LA_income_2021 \TU/LibertinusSerif(0)/m/n/12 και
 \TU/LibertinusMono(0)/m/n/12 LA_Census_Blocks_2020
 []

[12] [13] [14] [15]
Overfull \hbox (20.85289pt too wide) in paragraph at lines 1248--1254
[]\TU/LibertinusSerif(0)/m/n/12 Εκκινούμε τον \TU/LibertinusMono(0)/m/n/12 perf
_counter \TU/LibertinusSerif(0)/m/n/12 και κάνουμε το καρτεσιανό γινόμενο ανάμε
σα στα 2 DataFrames
 []

LaTeX Font Info:    Font shape `TU/LibertinusSerif(1)/m/n' will be
(Font)              scaled to size 12.0pt on input line 1263.
Requested font "[LibertinusSerif-Regular.otf]/OT:script=latn;language=dflt;+tnu
m;+lnum;" at 12.0pt
 -> /usr/share/texlive/texmf-dist/fonts/opentype/public/libertinus-fonts/Libert
inusSerif-Regular.otf
LaTeX Font Info:    Font shape `TU/LibertinusSerif(1)/m/n' will be
(Font)              scaled to size 9.6pt on input line 1263.
Requested font "[LibertinusSerif-Regular.otf]/OT:script=latn;language=dflt;+tnu
m;+lnum;" at 9.6pt
 -> /usr/share/texlive/texmf-dist/fonts/opentype/public/libertinus-fonts/Libert
inusSerif-Regular.otf
LaTeX Font Info:    Font shape `TU/LibertinusSerif(1)/m/n' will be
(Font)              scaled to size 7.2pt on input line 1263.
Requested font "[LibertinusSerif-Regular.otf]/OT:script=latn;language=dflt;+tnu
m;+lnum;" at 7.2pt
 -> /usr/share/texlive/texmf-dist/fonts/opentype/public/libertinus-fonts/Libert
inusSerif-Regular.otf
[16] [17] [18] [19]
File: images/q4_A_times.png Graphic file (type bmp)
<images/q4_A_times.png>
File: images/q4_B_times.png Graphic file (type bmp)
<images/q4_B_times.png>
 [20] [21]
Overfull \hbox (76.03992pt too wide) in paragraph at lines 1619--1623
\TU/LibertinusSerif(0)/m/n/12 λαδή καρτεσιανό γινόμενο, οι μόνες μέθοδοι που μπ
ορούμε να εκτελέσουμε είναι τα BroadcastNestedLoopJoin
 []


Overfull \hbox (40.83992pt too wide) in paragraph at lines 1652--1655
\TU/LibertinusSerif(0)/m/n/12 να datasets θα είναι το ίδιο, αν έπρεπε να γίνει 
μια επιλογή αυτή θα ήταν του BroadcastNestedLoopJoin
 []

[22] (./main.aux)
 ***********
LaTeX2e <2025-11-01>
L3 programming layer <2026-01-19>
 ***********
Package rerunfilecheck Info: File `main.out' has not changed.
(rerunfilecheck)             Checksum: 4E0A22414B24DC794AD37DB9169E0648;4921.
 ) 
Here is how much of TeX's memory you used:
 23634 strings out of 470158
 445311 string characters out of 5477572
 1500208 words of memory out of 5000000
 51915 multiletter control sequences out of 15000+600000
 631580 words of font info for 106 fonts, out of 8000000 for 9000
 14 hyphenation exceptions out of 8191
 120i,9n,145p,392b,2015s stack positions out of 10000i,1000n,20000p,200000b,200000s

Output written on main.pdf (23 pages).
